DEBUG:root:This message should go to the log file
INFO:root:So should this
WARNING:root:And this, too
INFO:root:True
INFO:root:
 ___ ___ ___ ___ ___ ___ ___ ___ ___ ___ ___ ___ ___ ___ ___
|   |   |   |   |   |   |   |   |   |   |   |   |   |   |   |
|___|___|___|___|___|___|___|___|___|___|___|___|___|___|___|
|   |   |   |   |   |   |   |   |   |   |   |   |   |   |   |
|___|___|___|___|___|___|___|___|___|___|___|___|___|___|___|
|   |   |   |   |   |   |   |   |   |   |   |   |   |   |   |
|___|___|___|___|___|___|___|___|___|___|___|___|___|___|___|
|   |   |   |   |   |   |   |   |   |   |   |   |   |   |   |
|___|___|___|___|___|___|___|___|___|___|___|___|___|___|___|
|   |   |   |   |   |   |   |   |   |   |   |   |   |   |   |
|___|___|___|___|___|___|___|___|___|___|___|___|___|___|___|
|   |   |   |   |   |   |   | m |   |   |   |   |   |   |   |
|___|___|___|___|___|___|___|___|___|___|___|___|___|___|___|
|   |   |   |   |   |   |   | e |   |   |   |   |   |   |   |
|___|___|___|___|___|___|___|___|___|___|___|___|___|___|___|
|   |   |   |   |   |   |   | a |   |   |   |   |   |   |   |
|___|___|___|___|___|___|___|___|___|___|___|___|___|___|___|
|   |   |   |   |   |   |   | t |   |   |   |   |   |   |   |
|___|___|___|___|___|___|___|___|___|___|___|___|___|___|___|
|   |   |   |   |   |   |   |   |   |   |   |   |   |   |   |
|___|___|___|___|___|___|___|___|___|___|___|___|___|___|___|
|   |   |   |   |   |   |   |   |   |   |   |   |   |   |   |
|___|___|___|___|___|___|___|___|___|___|___|___|___|___|___|
|   |   |   |   |   |   |   |   |   |   |   |   |   |   |   |
|___|___|___|___|___|___|___|___|___|___|___|___|___|___|___|
|   |   |   |   |   |   |   |   |   |   |   |   |   |   |   |
|___|___|___|___|___|___|___|___|___|___|___|___|___|___|___|
|   |   |   |   |   |   |   |   |   |   |   |   |   |   |   |
|___|___|___|___|___|___|___|___|___|___|___|___|___|___|___|
|   |   |   |   |   |   |   |   |   |   |   |   |   |   |   |
|___|___|___|___|___|___|___|___|___|___|___|___|___|___|___|

INFO:root:True
INFO:root:
 ___ ___ ___ ___ ___ ___ ___ ___ ___ ___ ___ ___ ___ ___ ___
|   |   |   |   |   |   |   |   |   |   |   |   |   |   |   |
|___|___|___|___|___|___|___|___|___|___|___|___|___|___|___|
|   |   |   |   |   |   |   |   |   |   |   |   |   |   |   |
|___|___|___|___|___|___|___|___|___|___|___|___|___|___|___|
|   |   |   |   |   |   |   |   | t |   |   |   |   |   |   |
|___|___|___|___|___|___|___|___|___|___|___|___|___|___|___|
|   |   |   |   |   |   |   |   | r |   |   |   |   |   |   |
|___|___|___|___|___|___|___|___|___|___|___|___|___|___|___|
|   |   |   |   |   |   |   |   | e |   |   |   |   |   |   |
|___|___|___|___|___|___|___|___|___|___|___|___|___|___|___|
|   |   |   |   |   |   |   | m | e |   |   |   |   |   |   |
|___|___|___|___|___|___|___|___|___|___|___|___|___|___|___|
|   |   |   |   |   |   |   | e |   |   |   |   |   |   |   |
|___|___|___|___|___|___|___|___|___|___|___|___|___|___|___|
|   |   |   |   |   |   |   | a |   |   |   |   |   |   |   |
|___|___|___|___|___|___|___|___|___|___|___|___|___|___|___|
|   |   |   |   |   |   |   | t |   |   |   |   |   |   |   |
|___|___|___|___|___|___|___|___|___|___|___|___|___|___|___|
|   |   |   |   |   |   |   |   |   |   |   |   |   |   |   |
|___|___|___|___|___|___|___|___|___|___|___|___|___|___|___|
|   |   |   |   |   |   |   |   |   |   |   |   |   |   |   |
|___|___|___|___|___|___|___|___|___|___|___|___|___|___|___|
|   |   |   |   |   |   |   |   |   |   |   |   |   |   |   |
|___|___|___|___|___|___|___|___|___|___|___|___|___|___|___|
|   |   |   |   |   |   |   |   |   |   |   |   |   |   |   |
|___|___|___|___|___|___|___|___|___|___|___|___|___|___|___|
|   |   |   |   |   |   |   |   |   |   |   |   |   |   |   |
|___|___|___|___|___|___|___|___|___|___|___|___|___|___|___|
|   |   |   |   |   |   |   |   |   |   |   |   |   |   |   |
|___|___|___|___|___|___|___|___|___|___|___|___|___|___|___|

INFO:root:True
INFO:root:
 ___ ___ ___ ___ ___ ___ ___ ___ ___ ___ ___ ___ ___ ___ ___
|   |   |   |   |   |   |   |   |   |   |   |   |   |   |   |
|___|___|___|___|___|___|___|___|___|___|___|___|___|___|___|
|   |   |   |   |   |   |   |   |   |   |   |   |   |   |   |
|___|___|___|___|___|___|___|___|___|___|___|___|___|___|___|
|   |   |   |   |   |   |   |   | t |   |   |   |   |   |   |
|___|___|___|___|___|___|___|___|___|___|___|___|___|___|___|
|   |   |   |   |   |   |   |   | r |   |   |   |   |   |   |
|___|___|___|___|___|___|___|___|___|___|___|___|___|___|___|
|   |   |   |   |   |   |   |   | e |   |   |   |   |   |   |
|___|___|___|___|___|___|___|___|___|___|___|___|___|___|___|
|   |   |   |   |   |   |   | m | e |   |   |   |   |   |   |
|___|___|___|___|___|___|___|___|___|___|___|___|___|___|___|
|   |   |   |   |   |   | m | e | s | s |   |   |   |   |   |
|___|___|___|___|___|___|___|___|___|___|___|___|___|___|___|
|   |   |   |   |   |   |   | a |   |   |   |   |   |   |   |
|___|___|___|___|___|___|___|___|___|___|___|___|___|___|___|
|   |   |   |   |   |   |   | t |   |   |   |   |   |   |   |
|___|___|___|___|___|___|___|___|___|___|___|___|___|___|___|
|   |   |   |   |   |   |   |   |   |   |   |   |   |   |   |
|___|___|___|___|___|___|___|___|___|___|___|___|___|___|___|
|   |   |   |   |   |   |   |   |   |   |   |   |   |   |   |
|___|___|___|___|___|___|___|___|___|___|___|___|___|___|___|
|   |   |   |   |   |   |   |   |   |   |   |   |   |   |   |
|___|___|___|___|___|___|___|___|___|___|___|___|___|___|___|
|   |   |   |   |   |   |   |   |   |   |   |   |   |   |   |
|___|___|___|___|___|___|___|___|___|___|___|___|___|___|___|
|   |   |   |   |   |   |   |   |   |   |   |   |   |   |   |
|___|___|___|___|___|___|___|___|___|___|___|___|___|___|___|
|   |   |   |   |   |   |   |   |   |   |   |   |   |   |   |
|___|___|___|___|___|___|___|___|___|___|___|___|___|___|___|

INFO:root:False
INFO:root:
 ___ ___ ___ ___ ___ ___ ___ ___ ___ ___ ___ ___ ___ ___ ___
|   |   |   |   |   |   |   |   |   |   |   |   |   |   |   |
|___|___|___|___|___|___|___|___|___|___|___|___|___|___|___|
|   |   |   |   |   |   |   |   |   |   |   |   |   |   |   |
|___|___|___|___|___|___|___|___|___|___|___|___|___|___|___|
|   |   |   |   |   |   |   |   | t |   |   |   |   |   |   |
|___|___|___|___|___|___|___|___|___|___|___|___|___|___|___|
|   |   |   |   |   |   |   |   | r |   |   |   |   |   |   |
|___|___|___|___|___|___|___|___|___|___|___|___|___|___|___|
|   |   |   |   |   |   |   |   | e |   |   |   |   |   |   |
|___|___|___|___|___|___|___|___|___|___|___|___|___|___|___|
|   |   |   |   |   |   |   | m | e |   |   |   |   |   |   |
|___|___|___|___|___|___|___|___|___|___|___|___|___|___|___|
|   |   |   |   |   |   | m | e | s | s |   |   |   |   |   |
|___|___|___|___|___|___|___|___|___|___|___|___|___|___|___|
|   |   |   |   |   |   |   | a |   |   |   |   |   |   |   |
|___|___|___|___|___|___|___|___|___|___|___|___|___|___|___|
|   |   |   |   |   |   |   | t |   |   |   |   |   |   |   |
|___|___|___|___|___|___|___|___|___|___|___|___|___|___|___|
|   |   |   |   |   |   |   |   |   |   |   |   |   |   |   |
|___|___|___|___|___|___|___|___|___|___|___|___|___|___|___|
|   |   |   |   |   |   |   |   |   |   |   |   |   |   |   |
|___|___|___|___|___|___|___|___|___|___|___|___|___|___|___|
|   |   |   |   |   |   |   |   |   |   |   |   |   |   |   |
|___|___|___|___|___|___|___|___|___|___|___|___|___|___|___|
|   |   |   |   |   |   |   |   |   |   |   |   |   |   |   |
|___|___|___|___|___|___|___|___|___|___|___|___|___|___|___|
|   |   |   |   |   |   |   |   |   |   |   |   |   |   |   |
|___|___|___|___|___|___|___|___|___|___|___|___|___|___|___|
|   |   |   |   |   |   |   |   |   |   |   |   |   |   |   |
|___|___|___|___|___|___|___|___|___|___|___|___|___|___|___|

DEBUG:root:This message should go to the log file
INFO:root:So should this
WARNING:root:And this, too
INFO:root:True
INFO:root:
 ___ ___ ___ ___ ___ ___ ___ ___ ___ ___ ___ ___ ___ ___ ___
|   |   |   |   |   |   |   |   |   |   |   |   |   |   |   |
|___|___|___|___|___|___|___|___|___|___|___|___|___|___|___|
|   |   |   |   |   |   |   |   |   |   |   |   |   |   |   |
|___|___|___|___|___|___|___|___|___|___|___|___|___|___|___|
|   |   |   |   |   |   |   |   |   |   |   |   |   |   |   |
|___|___|___|___|___|___|___|___|___|___|___|___|___|___|___|
|   |   |   |   |   |   |   |   |   |   |   |   |   |   |   |
|___|___|___|___|___|___|___|___|___|___|___|___|___|___|___|
|   |   |   |   |   |   |   |   |   |   |   |   |   |   |   |
|___|___|___|___|___|___|___|___|___|___|___|___|___|___|___|
|   |   |   |   |   |   |   | m |   |   |   |   |   |   |   |
|___|___|___|___|___|___|___|___|___|___|___|___|___|___|___|
|   |   |   |   |   |   |   | e |   |   |   |   |   |   |   |
|___|___|___|___|___|___|___|___|___|___|___|___|___|___|___|
|   |   |   |   |   |   |   | a |   |   |   |   |   |   |   |
|___|___|___|___|___|___|___|___|___|___|___|___|___|___|___|
|   |   |   |   |   |   |   | t |   |   |   |   |   |   |   |
|___|___|___|___|___|___|___|___|___|___|___|___|___|___|___|
|   |   |   |   |   |   |   |   |   |   |   |   |   |   |   |
|___|___|___|___|___|___|___|___|___|___|___|___|___|___|___|
|   |   |   |   |   |   |   |   |   |   |   |   |   |   |   |
|___|___|___|___|___|___|___|___|___|___|___|___|___|___|___|
|   |   |   |   |   |   |   |   |   |   |   |   |   |   |   |
|___|___|___|___|___|___|___|___|___|___|___|___|___|___|___|
|   |   |   |   |   |   |   |   |   |   |   |   |   |   |   |
|___|___|___|___|___|___|___|___|___|___|___|___|___|___|___|
|   |   |   |   |   |   |   |   |   |   |   |   |   |   |   |
|___|___|___|___|___|___|___|___|___|___|___|___|___|___|___|
|   |   |   |   |   |   |   |   |   |   |   |   |   |   |   |
|___|___|___|___|___|___|___|___|___|___|___|___|___|___|___|

INFO:root:True
INFO:root:
 ___ ___ ___ ___ ___ ___ ___ ___ ___ ___ ___ ___ ___ ___ ___
|   |   |   |   |   |   |   |   |   |   |   |   |   |   |   |
|___|___|___|___|___|___|___|___|___|___|___|___|___|___|___|
|   |   |   |   |   |   |   |   |   |   |   |   |   |   |   |
|___|___|___|___|___|___|___|___|___|___|___|___|___|___|___|
|   |   |   |   |   |   |   |   | t |   |   |   |   |   |   |
|___|___|___|___|___|___|___|___|___|___|___|___|___|___|___|
|   |   |   |   |   |   |   |   | r |   |   |   |   |   |   |
|___|___|___|___|___|___|___|___|___|___|___|___|___|___|___|
|   |   |   |   |   |   |   |   | e |   |   |   |   |   |   |
|___|___|___|___|___|___|___|___|___|___|___|___|___|___|___|
|   |   |   |   |   |   |   | m | e |   |   |   |   |   |   |
|___|___|___|___|___|___|___|___|___|___|___|___|___|___|___|
|   |   |   |   |   |   |   | e |   |   |   |   |   |   |   |
|___|___|___|___|___|___|___|___|___|___|___|___|___|___|___|
|   |   |   |   |   |   |   | a |   |   |   |   |   |   |   |
|___|___|___|___|___|___|___|___|___|___|___|___|___|___|___|
|   |   |   |   |   |   |   | t |   |   |   |   |   |   |   |
|___|___|___|___|___|___|___|___|___|___|___|___|___|___|___|
|   |   |   |   |   |   |   |   |   |   |   |   |   |   |   |
|___|___|___|___|___|___|___|___|___|___|___|___|___|___|___|
|   |   |   |   |   |   |   |   |   |   |   |   |   |   |   |
|___|___|___|___|___|___|___|___|___|___|___|___|___|___|___|
|   |   |   |   |   |   |   |   |   |   |   |   |   |   |   |
|___|___|___|___|___|___|___|___|___|___|___|___|___|___|___|
|   |   |   |   |   |   |   |   |   |   |   |   |   |   |   |
|___|___|___|___|___|___|___|___|___|___|___|___|___|___|___|
|   |   |   |   |   |   |   |   |   |   |   |   |   |   |   |
|___|___|___|___|___|___|___|___|___|___|___|___|___|___|___|
|   |   |   |   |   |   |   |   |   |   |   |   |   |   |   |
|___|___|___|___|___|___|___|___|___|___|___|___|___|___|___|

INFO:root:True
INFO:root:
 ___ ___ ___ ___ ___ ___ ___ ___ ___ ___ ___ ___ ___ ___ ___
|   |   |   |   |   |   |   |   |   |   |   |   |   |   |   |
|___|___|___|___|___|___|___|___|___|___|___|___|___|___|___|
|   |   |   |   |   |   |   |   |   |   |   |   |   |   |   |
|___|___|___|___|___|___|___|___|___|___|___|___|___|___|___|
|   |   |   |   |   |   |   |   | t |   |   |   |   |   |   |
|___|___|___|___|___|___|___|___|___|___|___|___|___|___|___|
|   |   |   |   |   |   |   |   | r |   |   |   |   |   |   |
|___|___|___|___|___|___|___|___|___|___|___|___|___|___|___|
|   |   |   |   |   |   |   |   | e |   |   |   |   |   |   |
|___|___|___|___|___|___|___|___|___|___|___|___|___|___|___|
|   |   |   |   |   |   |   | m | e |   |   |   |   |   |   |
|___|___|___|___|___|___|___|___|___|___|___|___|___|___|___|
|   |   |   |   |   |   | m | e | s | s |   |   |   |   |   |
|___|___|___|___|___|___|___|___|___|___|___|___|___|___|___|
|   |   |   |   |   |   |   | a |   |   |   |   |   |   |   |
|___|___|___|___|___|___|___|___|___|___|___|___|___|___|___|
|   |   |   |   |   |   |   | t |   |   |   |   |   |   |   |
|___|___|___|___|___|___|___|___|___|___|___|___|___|___|___|
|   |   |   |   |   |   |   |   |   |   |   |   |   |   |   |
|___|___|___|___|___|___|___|___|___|___|___|___|___|___|___|
|   |   |   |   |   |   |   |   |   |   |   |   |   |   |   |
|___|___|___|___|___|___|___|___|___|___|___|___|___|___|___|
|   |   |   |   |   |   |   |   |   |   |   |   |   |   |   |
|___|___|___|___|___|___|___|___|___|___|___|___|___|___|___|
|   |   |   |   |   |   |   |   |   |   |   |   |   |   |   |
|___|___|___|___|___|___|___|___|___|___|___|___|___|___|___|
|   |   |   |   |   |   |   |   |   |   |   |   |   |   |   |
|___|___|___|___|___|___|___|___|___|___|___|___|___|___|___|
|   |   |   |   |   |   |   |   |   |   |   |   |   |   |   |
|___|___|___|___|___|___|___|___|___|___|___|___|___|___|___|

INFO:root:False
INFO:root:
 ___ ___ ___ ___ ___ ___ ___ ___ ___ ___ ___ ___ ___ ___ ___
|   |   |   |   |   |   |   |   |   |   |   |   |   |   |   |
|___|___|___|___|___|___|___|___|___|___|___|___|___|___|___|
|   |   |   |   |   |   |   |   |   |   |   |   |   |   |   |
|___|___|___|___|___|___|___|___|___|___|___|___|___|___|___|
|   |   |   |   |   |   |   |   | t |   |   |   |   |   |   |
|___|___|___|___|___|___|___|___|___|___|___|___|___|___|___|
|   |   |   |   |   |   |   |   | r |   |   |   |   |   |   |
|___|___|___|___|___|___|___|___|___|___|___|___|___|___|___|
|   |   |   |   |   |   |   |   | e |   |   |   |   |   |   |
|___|___|___|___|___|___|___|___|___|___|___|___|___|___|___|
|   |   |   |   |   |   |   | m | e |   |   |   |   |   |   |
|___|___|___|___|___|___|___|___|___|___|___|___|___|___|___|
|   |   |   |   |   |   | m | e | s | s |   |   |   |   |   |
|___|___|___|___|___|___|___|___|___|___|___|___|___|___|___|
|   |   |   |   |   |   |   | a |   |   |   |   |   |   |   |
|___|___|___|___|___|___|___|___|___|___|___|___|___|___|___|
|   |   |   |   |   |   |   | t |   |   |   |   |   |   |   |
|___|___|___|___|___|___|___|___|___|___|___|___|___|___|___|
|   |   |   |   |   |   |   |   |   |   |   |   |   |   |   |
|___|___|___|___|___|___|___|___|___|___|___|___|___|___|___|
|   |   |   |   |   |   |   |   |   |   |   |   |   |   |   |
|___|___|___|___|___|___|___|___|___|___|___|___|___|___|___|
|   |   |   |   |   |   |   |   |   |   |   |   |   |   |   |
|___|___|___|___|___|___|___|___|___|___|___|___|___|___|___|
|   |   |   |   |   |   |   |   |   |   |   |   |   |   |   |
|___|___|___|___|___|___|___|___|___|___|___|___|___|___|___|
|   |   |   |   |   |   |   |   |   |   |   |   |   |   |   |
|___|___|___|___|___|___|___|___|___|___|___|___|___|___|___|
|   |   |   |   |   |   |   |   |   |   |   |   |   |   |   |
|___|___|___|___|___|___|___|___|___|___|___|___|___|___|___|

